#
# A fatal error has been detected by the Java Runtime Environment:
#
#  SIGSEGV (0xb) at pc=0x000000010d77c5a0, pid=46394, tid=18179
#
# JRE version: Java(TM) SE Runtime Environment (7.0_67-b01) (build 1.7.0_67-b01)
# Java VM: Java HotSpot(TM) 64-Bit Server VM (24.65-b04 mixed mode bsd-amd64 compressed oops)
# Problematic frame:
# V  [libjvm.dylib+0x3375a0]
#
# Failed to write core dump. Core dumps have been disabled. To enable core dumping, try "ulimit -c unlimited" before starting Java again
#
# If you would like to submit a bug report, please visit:
#   http://bugreport.sun.com/bugreport/crash.jsp
#

---------------  T H R E A D  ---------------

Current thread (0x00007fb4f480e000):  JavaThread "JDWP Transport Listener: dt_socket" daemon [_thread_in_vm, id=18179, stack(0x000000015b02d000,0x000000015b12d000)]

siginfo:si_signo=SIGSEGV: si_errno=0, si_code=1 (SEGV_MAPERR), si_addr=0x000000070000003b

Registers:
RAX=0x0000000000000001, RBX=0x000000015b12ca8b, RCX=0x00000000000fc080, RDX=0x000000015b12ca8b
RSP=0x000000015b12c9f0, RBP=0x000000015b12ca40, RSI=0x00007fb4f480e000, RDI=0x00007fb4f3701970
R8 =0x00007fb4f3639e80, R9 =0x00007fb4f363cc50, R10=0x00000000f7dc096c, R11=0x000000004614ea68
R12=0x00007fb4f480e000, R13=0x000000070000003b, R14=0x000000070000003b, R15=0x00007fb4f3701970
RIP=0x000000010d77c5a0, EFLAGS=0x0000000000010202, ERR=0x0000000000000004
  TRAPNO=0x000000000000000e

Top of Stack: (sp=0x000000015b12c9f0)
0x000000015b12c9f0:   00007fb4f480e000 0000000000000000
0x000000015b12ca00:   0000000000000000 0000000000000000
0x000000015b12ca10:   00007fb4f480e000 00007fb4f480e000
0x000000015b12ca20:   000000015b12ca8b 000000015b12ca90
0x000000015b12ca30:   000000070000003b 0000000000000006
0x000000015b12ca40:   000000015b12ca60 000000010e8201a8
0x000000015b12ca50:   0000000000000001 000000015b12cb08
0x000000015b12ca60:   000000015b12cad0 000000010e804fbb
0x000000015b12ca70:   000000015b12caa0 00007fb4f361a2a0
0x000000015b12ca80:   0000000700000032 000000090012cb08
0x000000015b12ca90:   0000000000000000 0000000000000000
0x000000015b12caa0:   0000000000000000 000000015b12cc90
0x000000015b12cab0:   000000010e827dc2 00007fb4f34439a0
0x000000015b12cac0:   000000015b12cb08 000000010e833588
0x000000015b12cad0:   000000015b12cae0 000000010e8050b4
0x000000015b12cae0:   000000015b12cd00 000000010e80e642
0x000000015b12caf0:   0000222e00000013 00000000000f0200
0x000000015b12cb00:   00007fb4f3441d60 00007fb4f363b7f4
0x000000015b12cb10:   00007fb400000194 00007fb4f363c170
0x000000015b12cb20:   00007fb40000012c 000000015b12cb58
0x000000015b12cb30:   00007fb4f363c170 00007f0000000000
0x000000015b12cb40:   0000222e0000001c 00007fff00008e80
0x000000015b12cb50:   000000015b12cb58 b47f000007000000
0x000000015b12cb60:   06000000906661f3 00003e74696e693c
0x000000015b12cb70:   0000005629280300 7f00000100000000
0x000000015b12cb80:   000000b86661f3b4 6552657372617010
0x000000015b12cb90:   6f69746176726573 6a4c28390000006e
0x000000015b12cba0:   676e616c2f617661 3b676e697274532f
0x000000015b12cbb0:   6e6f632f61634c29 642f616964726f63
0x000000015b12cbc0:   65646f6d2f736d72 7672657365522f6c
0x000000015b12cbd0:   00003b6e6f697461 0000090000000000
0x000000015b12cbe0:   0000f0c170f3b47f 4665737261700d00 

Instructions: (pc=0x000000010d77c5a0)
0x000000010d77c580:   00 00 00 41 f6 87 68 01 00 00 10 75 07 b8 63 00
0x000000010d77c590:   00 00 eb 7a 4d 85 f6 75 07 b8 17 00 00 00 eb 6e
0x000000010d77c5a0:   4d 8b 36 48 b8 fe fe fe fe fe fe fe fe 49 39 c6
0x000000010d77c5b0:   74 e7 4d 85 f6 74 e2 48 8d 05 62 4c 4d 00 80 38 

Register to memory mapping:

RAX=0x0000000000000001 is an unknown value
RBX=0x000000015b12ca8b is pointing into the stack for thread: 0x00007fb4f480e000
RCX=0x00000000000fc080 is an unknown value
RDX=0x000000015b12ca8b is pointing into the stack for thread: 0x00007fb4f480e000
RSP=0x000000015b12c9f0 is pointing into the stack for thread: 0x00007fb4f480e000
RBP=0x000000015b12ca40 is pointing into the stack for thread: 0x00007fb4f480e000
RSI=0x00007fb4f480e000 is a thread
RDI=0x00007fb4f3701970 is an unknown value
R8 =0x00007fb4f3639e80 is an unknown value
R9 =0x00007fb4f363cc50 is an unknown value
R10=0x00000000f7dc096c is an unknown value
R11=0x000000004614ea68 is an unknown value
R12=0x00007fb4f480e000 is a thread
R13=0x000000070000003b is an unknown value
R14=0x000000070000003b is an unknown value
R15=0x00007fb4f3701970 is an unknown value


Stack: [0x000000015b02d000,0x000000015b12d000],  sp=0x000000015b12c9f0,  free space=1022k
Native frames: (J=compiled Java code, j=interpreted, Vv=VM code, C=native code)
V  [libjvm.dylib+0x3375a0]
C  [libjdwp.dylib+0x201a8]  isMethodSynthetic+0x63
C  [libjdwp.dylib+0x4fbb]  methods1+0x10b
C  [libjdwp.dylib+0x50b4]  methodsWithGeneric+0xe
C  [libjdwp.dylib+0xe642]  debugLoop_run+0x1ce
C  [libjdwp.dylib+0x1f0e2]  attachThread+0x4d
V  [libjvm.dylib+0x3781c2]
V  [libjvm.dylib+0x4f5855]
V  [libjvm.dylib+0x4f6f5d]
V  [libjvm.dylib+0x420772]
C  [libsystem_pthread.dylib+0x1899]  _pthread_body+0x8a
C  [libsystem_pthread.dylib+0x172a]  _pthread_struct_init+0x0
C  [libsystem_pthread.dylib+0x5fc9]  thread_start+0xd


---------------  P R O C E S S  ---------------

Java Threads: ( => current thread )
  0x00007fb4f50d0800 JavaThread "ReaderThread" [_thread_in_native, id=21763, stack(0x000000015b826000,0x000000015b926000)]
  0x00007fb4f4035000 JavaThread "Service Thread" daemon [_thread_blocked, id=20739, stack(0x000000015b53c000,0x000000015b63c000)]
  0x00007fb4f4033000 JavaThread "C2 CompilerThread1" daemon [_thread_blocked, id=20227, stack(0x000000015b439000,0x000000015b539000)]
  0x00007fb4f4810000 JavaThread "C2 CompilerThread0" daemon [_thread_blocked, id=19715, stack(0x000000015b336000,0x000000015b436000)]
  0x00007fb4f4000800 JavaThread "JDWP Command Reader" daemon [_thread_in_native, id=19203, stack(0x000000015b233000,0x000000015b333000)]
  0x00007fb4f480e800 JavaThread "JDWP Event Helper Thread" daemon [_thread_blocked, id=18691, stack(0x000000015b130000,0x000000015b230000)]
=>0x00007fb4f480e000 JavaThread "JDWP Transport Listener: dt_socket" daemon [_thread_in_vm, id=18179, stack(0x000000015b02d000,0x000000015b12d000)]
  0x00007fb4f3826000 JavaThread "Signal Dispatcher" daemon [_thread_blocked, id=17667, stack(0x000000015af2a000,0x000000015b02a000)]
  0x00007fb4f381e000 JavaThread "Finalizer" daemon [_thread_blocked, id=12547, stack(0x000000015acdb000,0x000000015addb000)]
  0x00007fb4f381d000 JavaThread "Reference Handler" daemon [_thread_blocked, id=12035, stack(0x000000015abd8000,0x000000015acd8000)]
  0x00007fb4f5000800 JavaThread "main" [_thread_blocked, id=6403, stack(0x000000010debb000,0x000000010dfbb000)]

Other Threads:
  0x00007fb4f381a800 VMThread [stack: 0x000000015aad5000,0x000000015abd5000] [id=11523]
  0x00007fb4f480f800 WatcherThread [stack: 0x000000015b63f000,0x000000015b73f000] [id=21251]

VM state:not at safepoint (normal execution)

VM Mutex/Monitor currently owned by a thread: None

Heap
 PSYoungGen      total 19456K, used 8816K [0x0000000141680000, 0x0000000142c00000, 0x0000000156c00000)
  eden space 16896K, 52% used [0x0000000141680000,0x0000000141f1c318,0x0000000142700000)
  from space 2560K, 0% used [0x0000000142980000,0x0000000142980000,0x0000000142c00000)
  to   space 2560K, 0% used [0x0000000142700000,0x0000000142700000,0x0000000142980000)
 ParOldGen       total 43520K, used 0K [0x0000000116c00000, 0x0000000119680000, 0x0000000141680000)
  object space 43520K, 0% used [0x0000000116c00000,0x0000000116c00000,0x0000000119680000)
 PSPermGen       total 21504K, used 5527K [0x0000000111a00000, 0x0000000112f00000, 0x0000000116c00000)
  object space 21504K, 25% used [0x0000000111a00000,0x0000000111f65fb0,0x0000000112f00000)

Card table byte_map: [0x0000000156c00000,0x0000000156e2a000] byte_map_base: 0x0000000156373000

Polling page: 0x000000010dffa000

Code Cache  [0x000000010e84e000, 0x000000010eabe000, 0x000000011184e000)
 total_blobs=253 nmethods=17 adapters=199 free_code_cache=48700Kb largest_free_block=49848512

Compilation events (10 events):
Event: 0.345 Thread 0x00007fb4f4810000   13             java.lang.String::equals (81 bytes)
Event: 0.345 Thread 0x00007fb4f4033000   14             java.lang.String::replace (127 bytes)
Event: 0.351 Thread 0x00007fb4f4810000 nmethod 13 0x000000010e8b8a10 code [0x000000010e8b8b60, 0x000000010e8b8e78]
Event: 0.359 Thread 0x00007fb4f4033000 nmethod 14 0x000000010e8b2150 code [0x000000010e8b22c0, 0x000000010e8b27b8]
Event: 0.393 Thread 0x00007fb4f4810000   15             java.lang.Math::min (11 bytes)
Event: 0.394 Thread 0x00007fb4f4810000 nmethod 15 0x000000010e8ae850 code [0x000000010e8ae980, 0x000000010e8ae9b8]
Event: 0.409 Thread 0x00007fb4f4033000   16             java.lang.String::length (6 bytes)
Event: 0.410 Thread 0x00007fb4f4033000 nmethod 16 0x000000010e8bad90 code [0x000000010e8baee0, 0x000000010e8baf78]
Event: 0.517 Thread 0x00007fb4f4810000   17             sun.nio.cs.UTF_8$Decoder::decode (640 bytes)
Event: 0.557 Thread 0x00007fb4f4810000 nmethod 17 0x000000010e8c1450 code [0x000000010e8c1780, 0x000000010e8c2930]

GC Heap History (0 events):
No events

Deoptimization events (0 events):
No events

Internal exceptions (10 events):
Event: 0.509 Thread 0x00007fb4f5000800 Threw 0x0000000141eb7b00 at /HUDSON/workspace/7u-2-build-macosx-x86_64/jdk7u67/1368/hotspot/src/share/vm/prims/jvm.cpp:1244
Event: 0.510 Thread 0x00007fb4f5000800 Threw 0x0000000141ebe460 at /HUDSON/workspace/7u-2-build-macosx-x86_64/jdk7u67/1368/hotspot/src/share/vm/interpreter/interpreterRuntime.cpp:347
Event: 0.522 Thread 0x00007fb4f5000800 Threw 0x0000000141eddec0 at /HUDSON/workspace/7u-2-build-macosx-x86_64/jdk7u67/1368/hotspot/src/share/vm/prims/jvm.cpp:1244
Event: 0.535 Thread 0x00007fb4f5000800 Threw 0x0000000141ee42a0 at /HUDSON/workspace/7u-2-build-macosx-x86_64/jdk7u67/1368/hotspot/src/share/vm/prims/jvm.cpp:1244
Event: 0.536 Thread 0x00007fb4f5000800 Threw 0x0000000141ee91f8 at /HUDSON/workspace/7u-2-build-macosx-x86_64/jdk7u67/1368/hotspot/src/share/vm/prims/jvm.cpp:1244
Event: 0.538 Thread 0x00007fb4f5000800 Threw 0x0000000141eef6e0 at /HUDSON/workspace/7u-2-build-macosx-x86_64/jdk7u67/1368/hotspot/src/share/vm/prims/jvm.cpp:1244
Event: 0.539 Thread 0x00007fb4f5000800 Threw 0x0000000141ef5770 at /HUDSON/workspace/7u-2-build-macosx-x86_64/jdk7u67/1368/hotspot/src/share/vm/prims/jvm.cpp:1244
Event: 0.540 Thread 0x00007fb4f5000800 Threw 0x0000000141efb418 at /HUDSON/workspace/7u-2-build-macosx-x86_64/jdk7u67/1368/hotspot/src/share/vm/prims/jvm.cpp:1244
Event: 0.542 Thread 0x00007fb4f5000800 Threw 0x0000000141f07f88 at /HUDSON/workspace/7u-2-build-macosx-x86_64/jdk7u67/1368/hotspot/src/share/vm/prims/jvm.cpp:1244
Event: 0.543 Thread 0x00007fb4f5000800 Threw 0x0000000141f0d398 at /HUDSON/workspace/7u-2-build-macosx-x86_64/jdk7u67/1368/hotspot/src/share/vm/prims/jvm.cpp:1244

Events (10 events):
Event: 539.911 Executing VM operation: GetCurrentLocation
Event: 539.911 Executing VM operation: GetCurrentLocation done
Event: 539.911 Executing VM operation: EnterInterpOnlyMode
Event: 539.911 Executing VM operation: EnterInterpOnlyMode done
Event: 539.912 Executing VM operation: ChangeSingleStep
Event: 539.912 Executing VM operation: ChangeSingleStep done
Event: 539.912 Executing VM operation: ChangeSingleStep
Event: 539.912 Executing VM operation: ChangeSingleStep done
Event: 539.918 Executing VM operation: RedefineClasses
Event: 539.919 Executing VM operation: RedefineClasses done


Dynamic libraries:
0x000000000b5ba000 	/System/Library/Frameworks/Cocoa.framework/Versions/A/Cocoa
0x000000000b5ba000 	/System/Library/Frameworks/Security.framework/Versions/A/Security
0x000000000b5ba000 	/System/Library/Frameworks/ApplicationServices.framework/Versions/A/ApplicationServices
0x000000000b5ba000 	/usr/lib/libz.1.dylib
0x000000000b5ba000 	/usr/lib/libSystem.B.dylib
0x000000000b5ba000 	/usr/lib/libobjc.A.dylib
0x000000000b5ba000 	/System/Library/Frameworks/CoreFoundation.framework/Versions/A/CoreFoundation
0x000000000b5ba000 	/System/Library/Frameworks/Foundation.framework/Versions/C/Foundation
0x000000000b5ba000 	/System/Library/Frameworks/AppKit.framework/Versions/C/AppKit
0x000000000b5ba000 	/System/Library/Frameworks/CoreData.framework/Versions/A/CoreData
0x000000000b5ba000 	/System/Library/PrivateFrameworks/RemoteViewServices.framework/Versions/A/RemoteViewServices
0x000000000b5ba000 	/System/Library/Frameworks/AudioToolbox.framework/Versions/A/AudioToolbox
0x000000000b5ba000 	/System/Library/Frameworks/AudioUnit.framework/Versions/A/AudioUnit
0x000000000b5ba000 	/System/Library/PrivateFrameworks/DataDetectorsCore.framework/Versions/A/DataDetectorsCore
0x000000000b5ba000 	/System/Library/PrivateFrameworks/DesktopServicesPriv.framework/Versions/A/DesktopServicesPriv
0x000000000b5ba000 	/System/Library/Frameworks/Carbon.framework/Versions/A/Frameworks/HIToolbox.framework/Versions/A/HIToolbox
0x000000000b5ba000 	/System/Library/Frameworks/QuartzCore.framework/Versions/A/QuartzCore
0x000000000b5ba000 	/System/Library/Frameworks/Carbon.framework/Versions/A/Frameworks/SpeechRecognition.framework/Versions/A/SpeechRecognition
0x000000000b5ba000 	/usr/lib/libauto.dylib
0x000000000b5ba000 	/usr/lib/libicucore.A.dylib
0x000000000b5ba000 	/usr/lib/libxml2.2.dylib
0x000000000b5ba000 	/System/Library/PrivateFrameworks/CoreUI.framework/Versions/A/CoreUI
0x000000000b5ba000 	/System/Library/Frameworks/CoreAudio.framework/Versions/A/CoreAudio
0x000000000b5ba000 	/System/Library/Frameworks/DiskArbitration.framework/Versions/A/DiskArbitration
0x000000000b5ba000 	/usr/lib/liblangid.dylib
0x000000000b5ba000 	/System/Library/PrivateFrameworks/MultitouchSupport.framework/Versions/A/MultitouchSupport
0x000000000b5ba000 	/System/Library/Frameworks/IOKit.framework/Versions/A/IOKit
0x000000000b5ba000 	/usr/lib/libDiagnosticMessagesClient.dylib
0x000000000b5ba000 	/System/Library/Frameworks/CoreServices.framework/Versions/A/CoreServices
0x000000000b5ba000 	/System/Library/PrivateFrameworks/PerformanceAnalysis.framework/Versions/A/PerformanceAnalysis
0x000000000b5ba000 	/System/Library/PrivateFrameworks/GenerationalStorage.framework/Versions/A/GenerationalStorage
0x000000000b5ba000 	/System/Library/Frameworks/OpenGL.framework/Versions/A/OpenGL
0x000000000b5ba000 	/System/Library/PrivateFrameworks/Sharing.framework/Versions/A/Sharing
0x000000000b5ba000 	/System/Library/Frameworks/ImageIO.framework/Versions/A/ImageIO
0x000000000b5ba000 	/System/Library/Frameworks/CoreText.framework/Versions/A/CoreText
0x000000000b5ba000 	/System/Library/Frameworks/CoreGraphics.framework/Versions/A/CoreGraphics
0x000000000b5ba000 	/System/Library/PrivateFrameworks/Backup.framework/Versions/A/Backup
0x000000000b5ba000 	/System/Library/Frameworks/CFNetwork.framework/Versions/A/CFNetwork
0x000000000b5ba000 	/System/Library/Frameworks/SystemConfiguration.framework/Versions/A/SystemConfiguration
0x000000000b5ba000 	/usr/lib/libCRFSuite.dylib
0x000000000b5ba000 	/usr/lib/libc++.1.dylib
0x000000000b5ba000 	/usr/lib/libc++abi.dylib
0x000000000b5ba000 	/usr/lib/system/libcache.dylib
0x000000000b5ba000 	/usr/lib/system/libcommonCrypto.dylib
0x000000000b5ba000 	/usr/lib/system/libcompiler_rt.dylib
0x000000000b5ba000 	/usr/lib/system/libcopyfile.dylib
0x000000000b5ba000 	/usr/lib/system/libcorecrypto.dylib
0x000000000b5ba000 	/usr/lib/system/libdispatch.dylib
0x000000000b5ba000 	/usr/lib/system/libdyld.dylib
0x000000000b5ba000 	/usr/lib/system/libkeymgr.dylib
0x000000000b5ba000 	/usr/lib/system/liblaunch.dylib
0x000000000b5ba000 	/usr/lib/system/libmacho.dylib
0x000000000b5ba000 	/usr/lib/system/libquarantine.dylib
0x000000000b5ba000 	/usr/lib/system/libremovefile.dylib
0x000000000b5ba000 	/usr/lib/system/libsystem_asl.dylib
0x000000000b5ba000 	/usr/lib/system/libsystem_blocks.dylib
0x000000000b5ba000 	/usr/lib/system/libsystem_c.dylib
0x000000000b5ba000 	/usr/lib/system/libsystem_configuration.dylib
0x000000000b5ba000 	/usr/lib/system/libsystem_dnssd.dylib
0x000000000b5ba000 	/usr/lib/system/libsystem_info.dylib
0x000000000b5ba000 	/usr/lib/system/libsystem_kernel.dylib
0x000000000b5ba000 	/usr/lib/system/libsystem_m.dylib
0x000000000b5ba000 	/usr/lib/system/libsystem_malloc.dylib
0x000000000b5ba000 	/usr/lib/system/libsystem_network.dylib
0x000000000b5ba000 	/usr/lib/system/libsystem_notify.dylib
0x000000000b5ba000 	/usr/lib/system/libsystem_platform.dylib
0x000000000b5ba000 	/usr/lib/system/libsystem_pthread.dylib
0x000000000b5ba000 	/usr/lib/system/libsystem_sandbox.dylib
0x000000000b5ba000 	/usr/lib/system/libsystem_stats.dylib
0x000000000b5ba000 	/usr/lib/system/libunc.dylib
0x000000000b5ba000 	/usr/lib/system/libunwind.dylib
0x000000000b5ba000 	/usr/lib/system/libxpc.dylib
0x000000000b5ba000 	/usr/lib/libbsm.0.dylib
0x000000000b5ba000 	/usr/lib/libsqlite3.dylib
0x000000000b5ba000 	/usr/lib/libxar.1.dylib
0x000000000b5ba000 	/usr/lib/libpam.2.dylib
0x000000000b5ba000 	/usr/lib/libOpenScriptingUtil.dylib
0x000000000b5ba000 	/usr/lib/libbz2.1.0.dylib
0x000000000b5ba000 	/System/Library/Frameworks/CoreServices.framework/Versions/A/Frameworks/CarbonCore.framework/Versions/A/CarbonCore
0x000000000b5ba000 	/System/Library/Frameworks/CoreServices.framework/Versions/A/Frameworks/Metadata.framework/Versions/A/Metadata
0x000000000b5ba000 	/System/Library/Frameworks/CoreServices.framework/Versions/A/Frameworks/OSServices.framework/Versions/A/OSServices
0x000000000b5ba000 	/System/Library/Frameworks/CoreServices.framework/Versions/A/Frameworks/SearchKit.framework/Versions/A/SearchKit
0x000000000b5ba000 	/System/Library/Frameworks/CoreServices.framework/Versions/A/Frameworks/AE.framework/Versions/A/AE
0x000000000b5ba000 	/System/Library/Frameworks/CoreServices.framework/Versions/A/Frameworks/LaunchServices.framework/Versions/A/LaunchServices
0x000000000b5ba000 	/System/Library/Frameworks/CoreServices.framework/Versions/A/Frameworks/DictionaryServices.framework/Versions/A/DictionaryServices
0x000000000b5ba000 	/System/Library/Frameworks/NetFS.framework/Versions/A/NetFS
0x000000000b5ba000 	/usr/lib/system/libkxld.dylib
0x000000000b5ba000 	/System/Library/PrivateFrameworks/NetAuth.framework/Versions/A/NetAuth
0x000000000b5ba000 	/System/Library/PrivateFrameworks/TCC.framework/Versions/A/TCC
0x000000000b5ba000 	/System/Library/Frameworks/OpenDirectory.framework/Versions/A/Frameworks/CFOpenDirectory.framework/Versions/A/CFOpenDirectory
0x000000000b5ba000 	/System/Library/Frameworks/ServiceManagement.framework/Versions/A/ServiceManagement
0x000000000b5ba000 	/usr/lib/libxslt.1.dylib
0x000000000b5ba000 	/System/Library/Frameworks/Carbon.framework/Versions/A/Frameworks/Ink.framework/Versions/A/Ink
0x000000000b5ba000 	/System/Library/Frameworks/ApplicationServices.framework/Versions/A/Frameworks/ATS.framework/Versions/A/ATS
0x000000000b5ba000 	/System/Library/Frameworks/ApplicationServices.framework/Versions/A/Frameworks/ColorSync.framework/Versions/A/ColorSync
0x000000000b5ba000 	/System/Library/Frameworks/ApplicationServices.framework/Versions/A/Frameworks/HIServices.framework/Versions/A/HIServices
0x000000000b5ba000 	/System/Library/Frameworks/ApplicationServices.framework/Versions/A/Frameworks/LangAnalysis.framework/Versions/A/LangAnalysis
0x000000000b5ba000 	/System/Library/Frameworks/ApplicationServices.framework/Versions/A/Frameworks/PrintCore.framework/Versions/A/PrintCore
0x000000000b5ba000 	/System/Library/Frameworks/ApplicationServices.framework/Versions/A/Frameworks/QD.framework/Versions/A/QD
0x000000000b5ba000 	/System/Library/Frameworks/ApplicationServices.framework/Versions/A/Frameworks/SpeechSynthesis.framework/Versions/A/SpeechSynthesis
0x000000000b5ba000 	/System/Library/Frameworks/IOSurface.framework/Versions/A/IOSurface
0x000000000b5ba000 	/System/Library/Frameworks/Accelerate.framework/Versions/A/Accelerate
0x000000000b5ba000 	/System/Library/Frameworks/Accelerate.framework/Versions/A/Frameworks/vImage.framework/Versions/A/vImage
0x000000000b5ba000 	/System/Library/Frameworks/Accelerate.framework/Versions/A/Frameworks/vecLib.framework/Versions/A/vecLib
0x000000000b5ba000 	/System/Library/Frameworks/Accelerate.framework/Versions/A/Frameworks/vecLib.framework/Versions/A/libvDSP.dylib
0x000000000b5ba000 	/System/Library/Frameworks/Accelerate.framework/Versions/A/Frameworks/vecLib.framework/Versions/A/libvMisc.dylib
0x000000000b5ba000 	/System/Library/Frameworks/Accelerate.framework/Versions/A/Frameworks/vecLib.framework/Versions/A/libLAPACK.dylib
0x000000000b5ba000 	/System/Library/Frameworks/Accelerate.framework/Versions/A/Frameworks/vecLib.framework/Versions/A/libBLAS.dylib
0x000000000b5ba000 	/System/Library/Frameworks/ApplicationServices.framework/Versions/A/Frameworks/ATS.framework/Versions/A/Resources/libFontParser.dylib
0x000000000b5ba000 	/System/Library/Frameworks/ApplicationServices.framework/Versions/A/Frameworks/ATS.framework/Versions/A/Resources/libFontRegistry.dylib
0x000000000b5ba000 	/System/Library/Frameworks/ImageIO.framework/Versions/A/Resources/libJPEG.dylib
0x000000000b5ba000 	/System/Library/Frameworks/ImageIO.framework/Versions/A/Resources/libTIFF.dylib
0x000000000b5ba000 	/System/Library/Frameworks/ImageIO.framework/Versions/A/Resources/libPng.dylib
0x000000000b5ba000 	/System/Library/Frameworks/ImageIO.framework/Versions/A/Resources/libGIF.dylib
0x000000000b5ba000 	/System/Library/Frameworks/ImageIO.framework/Versions/A/Resources/libJP2.dylib
0x000000000b5ba000 	/System/Library/Frameworks/ImageIO.framework/Versions/A/Resources/libRadiance.dylib
0x000000000b5ba000 	/usr/lib/libcups.2.dylib
0x000000000b5ba000 	/System/Library/Frameworks/Kerberos.framework/Versions/A/Kerberos
0x000000000b5ba000 	/System/Library/Frameworks/GSS.framework/Versions/A/GSS
0x000000000b5ba000 	/usr/lib/libresolv.9.dylib
0x000000000b5ba000 	/usr/lib/libiconv.2.dylib
0x000000000b5ba000 	/System/Library/PrivateFrameworks/Heimdal.framework/Versions/A/Heimdal
0x000000000b5ba000 	/System/Library/PrivateFrameworks/TrustEvaluationAgent.framework/Versions/A/TrustEvaluationAgent
0x000000000b5ba000 	/usr/lib/libheimdal-asn1.dylib
0x000000000b5ba000 	/System/Library/Frameworks/OpenDirectory.framework/Versions/A/OpenDirectory
0x000000000b5ba000 	/System/Library/PrivateFrameworks/CommonAuth.framework/Versions/A/CommonAuth
0x000000000b5ba000 	/System/Library/Frameworks/SecurityFoundation.framework/Versions/A/SecurityFoundation
0x000000000b5ba000 	/System/Library/PrivateFrameworks/Bom.framework/Versions/A/Bom
0x000000000b5ba000 	/System/Library/Frameworks/CoreVideo.framework/Versions/A/CoreVideo
0x000000000b5ba000 	/System/Library/Frameworks/QuartzCore.framework/Versions/A/Frameworks/CoreImage.framework/Versions/A/CoreImage
0x000000000b5ba000 	/System/Library/Frameworks/QuartzCore.framework/Versions/A/Frameworks/ScalableUserInterface.framework/Versions/A/ScalableUserInterface
0x000000000b5ba000 	/System/Library/Frameworks/OpenGL.framework/Versions/A/Libraries/libGLU.dylib
0x000000000b5ba000 	/System/Library/Frameworks/OpenGL.framework/Versions/A/Libraries/libGFXShared.dylib
0x000000000b5ba000 	/System/Library/Frameworks/OpenGL.framework/Versions/A/Libraries/libGL.dylib
0x000000000b5ba000 	/System/Library/Frameworks/OpenGL.framework/Versions/A/Libraries/libGLImage.dylib
0x000000000b5ba000 	/System/Library/Frameworks/OpenGL.framework/Versions/A/Libraries/libCVMSPluginSupport.dylib
0x000000000b5ba000 	/System/Library/Frameworks/OpenGL.framework/Versions/A/Libraries/libCoreVMClient.dylib
0x000000000b5ba000 	/System/Library/PrivateFrameworks/FaceCore.framework/Versions/A/FaceCore
0x000000000b5ba000 	/System/Library/PrivateFrameworks/CrashReporterSupport.framework/Versions/A/CrashReporterSupport
0x000000000b5ba000 	/System/Library/Frameworks/OpenCL.framework/Versions/A/OpenCL
0x000000000b5ba000 	/System/Library/PrivateFrameworks/AppleFSCompression.framework/Versions/A/AppleFSCompression
0x000000000b5ba000 	/System/Library/PrivateFrameworks/Ubiquity.framework/Versions/A/Ubiquity
0x000000000b5ba000 	/System/Library/PrivateFrameworks/IconServices.framework/Versions/A/IconServices
0x000000000b5ba000 	/System/Library/PrivateFrameworks/ChunkingLibrary.framework/Versions/A/ChunkingLibrary
0x000000000b5ba000 	/System/Library/PrivateFrameworks/CoreSymbolication.framework/Versions/A/CoreSymbolication
0x000000000b5ba000 	/System/Library/PrivateFrameworks/Symbolication.framework/Versions/A/Symbolication
0x000000000b5ba000 	/System/Library/PrivateFrameworks/DebugSymbols.framework/Versions/A/DebugSymbols
0x000000010d445000 	/Library/Java/JavaVirtualMachines/jdk1.7.0_67.jdk/Contents/Home/jre/lib/server/libjvm.dylib
0x000000000b5ba000 	/usr/lib/libstdc++.6.dylib
0x000000010dfbd000 	/Library/Java/JavaVirtualMachines/jdk1.7.0_67.jdk/Contents/Home/jre/lib/libverify.dylib
0x000000010dfca000 	/Library/Java/JavaVirtualMachines/jdk1.7.0_67.jdk/Contents/Home/jre/lib/libjava.dylib
0x000000010e800000 	/Library/Java/JavaVirtualMachines/jdk1.7.0_67.jdk/Contents/Home/jre/lib/libjdwp.dylib
0x000000010dffb000 	/Library/Java/JavaVirtualMachines/jdk1.7.0_67.jdk/Contents/Home/jre/lib/libnpt.dylib
0x000000010e845000 	/Library/Java/JavaVirtualMachines/jdk1.7.0_67.jdk/Contents/Home/jre/lib/libzip.dylib
0x000000015addd000 	/System/Library/Frameworks/JavaVM.framework/Frameworks/JavaRuntimeSupport.framework/JavaRuntimeSupport
0x000000015adf5000 	/System/Library/Frameworks/JavaVM.framework/Versions/A/Frameworks/JavaNativeFoundation.framework/Versions/A/JavaNativeFoundation
0x000000015ae0a000 	/System/Library/Frameworks/JavaVM.framework/Versions/A/JavaVM
0x000000000b5ba000 	/System/Library/Frameworks/Carbon.framework/Versions/A/Carbon
0x000000015ae17000 	/System/Library/PrivateFrameworks/JavaLaunching.framework/Versions/A/JavaLaunching
0x000000000b5ba000 	/System/Library/Frameworks/Carbon.framework/Versions/A/Frameworks/CommonPanels.framework/Versions/A/CommonPanels
0x000000000b5ba000 	/System/Library/Frameworks/Carbon.framework/Versions/A/Frameworks/Help.framework/Versions/A/Help
0x000000000b5ba000 	/System/Library/Frameworks/Carbon.framework/Versions/A/Frameworks/ImageCapture.framework/Versions/A/ImageCapture
0x000000000b5ba000 	/System/Library/Frameworks/Carbon.framework/Versions/A/Frameworks/OpenScripting.framework/Versions/A/OpenScripting
0x000000000b5ba000 	/System/Library/Frameworks/Carbon.framework/Versions/A/Frameworks/Print.framework/Versions/A/Print
0x000000000b5ba000 	/System/Library/Frameworks/Carbon.framework/Versions/A/Frameworks/SecurityHI.framework/Versions/A/SecurityHI
0x0000000111978000 	/Library/Java/JavaVirtualMachines/jdk1.7.0_67.jdk/Contents/Home/jre/lib/libdt_socket.dylib
0x000000015b7c8000 	/Library/Java/JavaVirtualMachines/jdk1.7.0_67.jdk/Contents/Home/jre/lib/libnet.dylib
0x000000015b9c9000 	/Library/Java/JavaVirtualMachines/jdk1.7.0_67.jdk/Contents/Home/jre/lib/libnio.dylib

VM Arguments:
jvm_args: -agentlib:jdwp=transport=dt_socket,suspend=y,address=localhost:65497 -Dfile.encoding=UTF-8 
java_command: org.eclipse.jdt.internal.junit.runner.RemoteTestRunner -version 3 -port 65496 -testLoaderClass org.eclipse.jdt.internal.junit4.runner.JUnit4TestLoader -loaderpluginname org.eclipse.jdt.junit4.runtime -classNames ca.concordia.drms.ReplicaManagerParserTest
Launcher Type: SUN_STANDARD

Environment Variables:
PATH=/usr/bin:/bin:/usr/sbin:/sbin
SHELL=/bin/bash

Signal Handlers:
SIGSEGV: [libjvm.dylib+0x52b6c9], sa_mask[0]=0xfffefeff, sa_flags=0x00000043
SIGBUS: [libjvm.dylib+0x52b6c9], sa_mask[0]=0xfffefeff, sa_flags=0x00000042
SIGFPE: [libjvm.dylib+0x41deaa], sa_mask[0]=0xfffefeff, sa_flags=0x00000042
SIGPIPE: [libjvm.dylib+0x41deaa], sa_mask[0]=0xfffefeff, sa_flags=0x00000042
SIGXFSZ: [libjvm.dylib+0x41deaa], sa_mask[0]=0xfffefeff, sa_flags=0x00000042
SIGILL: [libjvm.dylib+0x41deaa], sa_mask[0]=0xfffefeff, sa_flags=0x00000042
SIGUSR1: SIG_DFL, sa_mask[0]=0x00000000, sa_flags=0x00000002
SIGUSR2: [libjvm.dylib+0x41d99c], sa_mask[0]=0x00000004, sa_flags=0x00000042
SIGHUP: [libjvm.dylib+0x41bc2d], sa_mask[0]=0xfffefeff, sa_flags=0x00000042
SIGINT: [libjvm.dylib+0x41bc2d], sa_mask[0]=0xfffefeff, sa_flags=0x00000042
SIGTERM: [libjvm.dylib+0x41bc2d], sa_mask[0]=0xfffefeff, sa_flags=0x00000042
SIGQUIT: [libjvm.dylib+0x41bc2d], sa_mask[0]=0xfffefeff, sa_flags=0x00000042


---------------  S Y S T E M  ---------------

OS:Bsduname:Darwin 13.3.0 Darwin Kernel Version 13.3.0: Tue Jun  3 21:27:35 PDT 2014; root:xnu-2422.110.17~1/RELEASE_X86_64 x86_64
rlimit: STACK 8192k, CORE 0k, NPROC 709, NOFILE 10240, AS infinity
load average:1.77 1.76 1.75

CPU:total 4 (2 cores per cpu, 2 threads per core) family 6 model 42 stepping 7, cmov, cx8, fxsr, mmx, sse, sse2, sse3, ssse3, sse4.1, sse4.2, popcnt, avx, aes, ht, tsc, tscinvbit

Memory: 4k page, physical 4194304k(1048576k free)

/proc/meminfo:


vm_info: Java HotSpot(TM) 64-Bit Server VM (24.65-b04) for bsd-amd64 JRE (1.7.0_67-b01), built on Jul 25 2014 08:51:51 by "java_re" with gcc 4.2.1 (Based on Apple Inc. build 5658) (LLVM build 2336.11.00)

time: Sun Nov 30 21:29:25 2014
elapsed time: 540 seconds

